{
  "RSpec": {
    "coverage": {
      "/home/kevin/rails/book/ticketee/app/controllers/application_controller.rb": [
        1,
        1,
        null
      ],
      "/home/kevin/rails/book/ticketee/app/helpers/application_helper.rb": [
        1,
        1,
        14,
        14,
        14,
        null,
        null,
        null,
        null
      ],
      "/home/kevin/rails/book/ticketee/app/helpers/projects_helper.rb": [
        1,
        null
      ],
      "/home/kevin/rails/book/ticketee/app/helpers/tickets_helper.rb": [
        1,
        null
      ],
      "/home/kevin/rails/book/ticketee/app/controllers/projects_controller.rb": [
        1,
        null,
        1,
        null,
        null,
        null,
        null,
        null,
        1,
        15,
        null,
        null,
        1,
        2,
        null,
        null,
        1,
        null,
        null,
        null,
        1,
        2,
        2,
        1,
        1,
        null,
        1,
        1,
        null,
        null,
        null,
        1,
        null,
        null,
        null,
        1,
        null,
        2,
        1,
        1,
        null,
        1,
        1,
        null,
        null,
        null,
        1,
        null,
        1,
        1,
        1,
        null,
        null,
        1,
        1,
        20,
        null,
        1,
        null,
        1,
        null,
        null,
        null
      ],
      "/home/kevin/rails/book/ticketee/app/models/project.rb": [
        1,
        1,
        1,
        null,
        1,
        null
      ],
      "/home/kevin/rails/book/ticketee/app/controllers/tickets_controller.rb": [
        1,
        1,
        1,
        null,
        1,
        3,
        null,
        null,
        1,
        3,
        3,
        1,
        1,
        null,
        2,
        2,
        null,
        null,
        null,
        1,
        null,
        null,
        null,
        1,
        null,
        null,
        null,
        1,
        2,
        1,
        1,
        null,
        1,
        1,
        null,
        null,
        null,
        1,
        1,
        1,
        1,
        null,
        null,
        1,
        1,
        17,
        null,
        null,
        1,
        11,
        null,
        null
      ],
      "/home/kevin/rails/book/ticketee/app/models/ticket.rb": [
        1,
        1,
        1,
        1,
        1,
        null
      ]
    },
    "timestamp": 1368556191
  }
}
